This is pdfTeX, Version 3.1415926-2.5-1.40.14 (MiKTeX 2.9) (preloaded format=pdflatex 2015.1.29)  14 MAY 2016 02:25
entering extended mode
**THES_IS_IT.tex
("C:\Users\Ryan\Desktop\Thesis\THES IS IT\THES_IS_IT.tex"
LaTeX2e <2011/06/27>
Babel <v3.8m> and hyphenation patterns for english, afrikaans, ancientgreek, ar
abic, armenian, assamese, basque, bengali, bokmal, bulgarian, catalan, coptic, 
croatian, czech, danish, dutch, esperanto, estonian, farsi, finnish, french, ga
lician, german, german-x-2013-05-26, greek, gujarati, hindi, hungarian, iceland
ic, indonesian, interlingua, irish, italian, kannada, kurmanji, latin, latvian,
 lithuanian, malayalam, marathi, mongolian, mongolianlmc, monogreek, ngerman, n
german-x-2013-05-26, nynorsk, oriya, panjabi, pinyin, polish, portuguese, roman
ian, russian, sanskrit, serbian, slovak, slovenian, spanish, swedish, swissgerm
an, tamil, telugu, turkish, turkmen, ukenglish, ukrainian, uppersorbian, usengl
ishmax, welsh, loaded.
("C:\Program Files (x86)\MiKTeX 2.9\tex\latex\base\book.cls"
Document Class: book 2007/10/19 v1.4h Standard LaTeX document class
("C:\Program Files (x86)\MiKTeX 2.9\tex\latex\base\bk12.clo"
File: bk12.clo 2007/10/19 v1.4h Standard LaTeX file (size option)
)
\c@part=\count79
\c@chapter=\count80
\c@section=\count81
\c@subsection=\count82
\c@subsubsection=\count83
\c@paragraph=\count84
\c@subparagraph=\count85
\c@figure=\count86
\c@table=\count87
\abovecaptionskip=\skip41
\belowcaptionskip=\skip42
\bibindent=\dimen102
)
("C:\Program Files (x86)\MiKTeX 2.9\tex\latex\amsmath\amsmath.sty"
Package: amsmath 2013/01/14 v2.14 AMS math features
\@mathmargin=\skip43

For additional information on amsmath, use the `?' option.
("C:\Program Files (x86)\MiKTeX 2.9\tex\latex\amsmath\amstext.sty"
Package: amstext 2000/06/29 v2.01

("C:\Program Files (x86)\MiKTeX 2.9\tex\latex\amsmath\amsgen.sty"
File: amsgen.sty 1999/11/30 v2.0
\@emptytoks=\toks14
\ex@=\dimen103
))
("C:\Program Files (x86)\MiKTeX 2.9\tex\latex\amsmath\amsbsy.sty"
Package: amsbsy 1999/11/29 v1.2d
\pmbraise@=\dimen104
)
("C:\Program Files (x86)\MiKTeX 2.9\tex\latex\amsmath\amsopn.sty"
Package: amsopn 1999/12/14 v2.01 operator names
)
\inf@bad=\count88
LaTeX Info: Redefining \frac on input line 210.
\uproot@=\count89
\leftroot@=\count90
LaTeX Info: Redefining \overline on input line 306.
\classnum@=\count91
\DOTSCASE@=\count92
LaTeX Info: Redefining \ldots on input line 378.
LaTeX Info: Redefining \dots on input line 381.
LaTeX Info: Redefining \cdots on input line 466.
\Mathstrutbox@=\box26
\strutbox@=\box27
\big@size=\dimen105
LaTeX Font Info:    Redeclaring font encoding OML on input line 566.
LaTeX Font Info:    Redeclaring font encoding OMS on input line 567.
\macc@depth=\count93
\c@MaxMatrixCols=\count94
\dotsspace@=\muskip10
\c@parentequation=\count95
\dspbrk@lvl=\count96
\tag@help=\toks15
\row@=\count97
\column@=\count98
\maxfields@=\count99
\andhelp@=\toks16
\eqnshift@=\dimen106
\alignsep@=\dimen107
\tagshift@=\dimen108
\tagwidth@=\dimen109
\totwidth@=\dimen110
\lineht@=\dimen111
\@envbody=\toks17
\multlinegap=\skip44
\multlinetaggap=\skip45
\mathdisplay@stack=\toks18
LaTeX Info: Redefining \[ on input line 2665.
LaTeX Info: Redefining \] on input line 2666.
)
("C:\Program Files (x86)\MiKTeX 2.9\tex\latex\amscls\amsthm.sty"
Package: amsthm 2004/08/06 v2.20
\thm@style=\toks19
\thm@bodyfont=\toks20
\thm@headfont=\toks21
\thm@notefont=\toks22
\thm@headpunct=\toks23
\thm@preskip=\skip46
\thm@postskip=\skip47
\thm@headsep=\skip48
\dth@everypar=\toks24
)
("C:\Program Files (x86)\MiKTeX 2.9\tex\latex\natbib\natbib.sty"
Package: natbib 2010/09/13 8.31b (PWD, AO)
\bibhang=\skip49
\bibsep=\skip50
LaTeX Info: Redefining \cite on input line 694.
\c@NAT@ctr=\count100
)
("C:\Program Files (x86)\MiKTeX 2.9\tex\latex\subfigure\subfigure.sty"
Package: subfigure 2002/07/30 v2.1.4 subfigure package
\subfigtopskip=\skip51
\subfigcapskip=\skip52
\subfigcaptopadj=\dimen112
\subfigbottomskip=\skip53
\subfigcapmargin=\dimen113
\subfiglabelskip=\skip54
\c@subfigure=\count101
\c@lofdepth=\count102
\c@subtable=\count103
\c@lotdepth=\count104

****************************************
* Local config file subfigure.cfg used *
****************************************
("C:\Program Files (x86)\MiKTeX 2.9\tex\latex\subfigure\subfigure.cfg")
\subfig@top=\skip55
\subfig@bottom=\skip56
)
("C:\Program Files (x86)\MiKTeX 2.9\tex\latex\graphics\graphicx.sty"
Package: graphicx 1999/02/16 v1.0f Enhanced LaTeX Graphics (DPC,SPQR)

("C:\Program Files (x86)\MiKTeX 2.9\tex\latex\graphics\keyval.sty"
Package: keyval 1999/03/16 v1.13 key=value parser (DPC)
\KV@toks@=\toks25
)
("C:\Program Files (x86)\MiKTeX 2.9\tex\latex\graphics\graphics.sty"
Package: graphics 2009/02/05 v1.0o Standard LaTeX Graphics (DPC,SPQR)

("C:\Program Files (x86)\MiKTeX 2.9\tex\latex\graphics\trig.sty"
Package: trig 1999/03/16 v1.09 sin cos tan (DPC)
)
("C:\Program Files (x86)\MiKTeX 2.9\tex\latex\00miktex\graphics.cfg"
File: graphics.cfg 2007/01/18 v1.5 graphics configuration of teTeX/TeXLive
)
Package graphics Info: Driver file: pdftex.def on input line 91.

("C:\Program Files (x86)\MiKTeX 2.9\tex\latex\pdftex-def\pdftex.def"
File: pdftex.def 2011/05/27 v0.06d Graphics/color for pdfTeX

("C:\Program Files (x86)\MiKTeX 2.9\tex\generic\oberdiek\infwarerr.sty"
Package: infwarerr 2010/04/08 v1.3 Providing info/warning/error messages (HO)
)
("C:\Program Files (x86)\MiKTeX 2.9\tex\generic\oberdiek\ltxcmds.sty"
Package: ltxcmds 2011/11/09 v1.22 LaTeX kernel commands for general use (HO)
)
\Gread@gobject=\count105
))
\Gin@req@height=\dimen114
\Gin@req@width=\dimen115
)
("C:\Program Files (x86)\MiKTeX 2.9\tex\generic\texdraw\texdraw.sty"
("C:\Program Files (x86)\MiKTeX 2.9\tex\generic\texdraw\texdraw.tex"
\t@counta=\count106
\t@countb=\count107
\t@countc=\count108
\t@countd=\count109
\t@counte=\count110
\t@pixa=\count111
\t@pixb=\count112
\t@pixc=\count113
\t@pixd=\count114
\t@xpos=\dimen116
\t@ypos=\dimen117
\xminpix=\count115
\xmaxpix=\count116
\yminpix=\count117
\ymaxpix=\count118
\a@lenpix=\count119
\a@widpix=\count120
\x@pix=\count121
\y@pix=\count122
\x@segoffpix=\count123
\y@segoffpix=\count124
\x@savepix=\count125
\y@savepix=\count126
\s@ppix=\count127
\d@bs=\count128
\t@xdnum=\count129
\t@xdbox=\box28
\drawfile=\write3
\everytexdraw=\toks26
)
Package: texdraw 1995/12/19 TeXdraw V2R0
)
("C:\Program Files (x86)\MiKTeX 2.9\tex\latex\float\float.sty"
Package: float 2001/11/08 v1.3d Float enhancements (AL)
\c@float@type=\count130
\float@exts=\toks27
\float@box=\box29
\@float@everytoks=\toks28
\@floatcapt=\box30
)
("C:\Program Files (x86)\MiKTeX 2.9\tex\latex\url\url.sty"
\Urlmuskip=\muskip11
Package: url 2013/09/16  ver 3.4  Verb mode for urls, etc.
)
\c@theorem=\count131

("C:\Users\Ryan\Desktop\Thesis\THES IS IT\THES_IS_IT.aux"

LaTeX Warning: Label `15' multiply defined.

)
LaTeX Font Info:    Checking defaults for OML/cmm/m/it on input line 36.
LaTeX Font Info:    ... okay on input line 36.
LaTeX Font Info:    Checking defaults for T1/cmr/m/n on input line 36.
LaTeX Font Info:    ... okay on input line 36.
LaTeX Font Info:    Checking defaults for OT1/cmr/m/n on input line 36.
LaTeX Font Info:    ... okay on input line 36.
LaTeX Font Info:    Checking defaults for OMS/cmsy/m/n on input line 36.
LaTeX Font Info:    ... okay on input line 36.
LaTeX Font Info:    Checking defaults for OMX/cmex/m/n on input line 36.
LaTeX Font Info:    ... okay on input line 36.
LaTeX Font Info:    Checking defaults for U/cmr/m/n on input line 36.
LaTeX Font Info:    ... okay on input line 36.
 ("C:\Program Files (x86)\MiKTeX 2.9\tex\context\base\supp-pdf.mkii"
[Loading MPS to PDF converter (version 2006.09.02).]
\scratchcounter=\count132
\scratchdimen=\dimen118
\scratchbox=\box31
\nofMPsegments=\count133
\nofMParguments=\count134
\everyMPshowfont=\toks29
\MPscratchCnt=\count135
\MPscratchDim=\dimen119
\MPnumerator=\count136
\makeMPintoPDFobject=\count137
\everyMPtoPDFconversion=\toks30
) [1



{C:/ProgramData/MiKTeX/2.9/pdftex/config/pdftex.map}] [2]
("C:\Users\Ryan\Desktop\Thesis\THES IS IT\THES_IS_IT.toc" [3

])
\tf@toc=\write4
 [4]
("C:\Users\Ryan\Desktop\Thesis\THES IS IT\THES_IS_IT.lof"
Underfull \vbox (badness 5893) has occurred while \output is active []

 [5

]
Underfull \vbox (badness 10000) has occurred while \output is active []

 [6])
\tf@lof=\write5

[7] [8

]
Chapter 1.

Underfull \vbox (badness 1348) has occurred while \output is active []

 [1

]
[2] [3] <combinedflows.png, id=44, 716.4366pt x 86.724pt>
File: combinedflows.png Graphic file (type png)

<use combinedflows.png>
Package pdftex.def Info: combinedflows.png used on input line 113.
(pdftex.def)             Requested size: 455.24408pt x 55.10881pt.
 [4 <C:/Users/Ryan/Desktop/Thesis/THES IS IT/combinedflows.png>] [5]
Underfull \vbox (badness 10000) has occurred while \output is active []

 [6]
[7]
Chapter 2.
[8

] [9] [10] [11] <network1.png, id=78, 357.4956pt x 394.5942pt>
File: network1.png Graphic file (type png)

<use network1.png>
Package pdftex.def Info: network1.png used on input line 253.
(pdftex.def)             Requested size: 273.14922pt x 301.51434pt.
 [12] [13 <C:/Users/Ryan/Desktop/Thesis/THES IS IT/network1.png>] [14]
Underfull \hbox (badness 10000) in paragraph at lines 317--320

 []

[15] [16] <networkv.png, id=95, 314.1336pt x 349.7868pt>
File: networkv.png Graphic file (type png)
 <use networkv.png>
Package pdftex.def Info: networkv.png used on input line 353.
(pdftex.def)             Requested size: 227.62204pt x 253.45818pt.

[17]
Underfull \vbox (badness 7397) has occurred while \output is active []

 [18 <C:/Users/Ryan/Desktop/Thesis/THES IS IT/networkv.png>]
<odemap1.png, id=104, 602.25pt x 340.27126pt>
File: odemap1.png Graphic file (type png)
 <use odemap1.png>
Package pdftex.def Info: odemap1.png used on input line 366.
(pdftex.def)             Requested size: 455.24408pt x 257.22253pt.

<odemap2.png, id=105, 602.25pt x 340.27126pt>
File: odemap2.png Graphic file (type png)
 <use odemap2.png>
Package pdftex.def Info: odemap2.png used on input line 372.
(pdftex.def)             Requested size: 455.24408pt x 257.22253pt.
 [19 <C:/Users/Ryan/Desktop/Thesis/THES IS IT/odemap1.png>] [20 <C:/Users/Ryan/
Desktop/Thesis/THES IS IT/odemap2.png>]
Chapter 3.

Underfull \vbox (badness 1348) has occurred while \output is active []

 [21

]
<smallworld.png, id=117, 1174.3875pt x 611.28375pt>
File: smallworld.png Graphic file (type png)
 <use smallworld.png>
Package pdftex.def Info: smallworld.png used on input line 391.
(pdftex.def)             Requested size: 409.71689pt x 213.26228pt.

<paths.png, id=118, 602.25pt x 340.27126pt>
File: paths.png Graphic file (type png)
 <use paths.png>
Package pdftex.def Info: paths.png used on input line 400.
(pdftex.def)             Requested size: 409.71689pt x 231.50081pt.

Underfull \vbox (badness 10000) has occurred while \output is active []

 [22]
Underfull \vbox (badness 2469) has occurred while \output is active []

 [23 <C:/Users/Ryan/Desktop/Thesis/THES IS IT/smallworld.png>] [24 <C:/Users/Ry
an/Desktop/Thesis/THES IS IT/paths.png>]
<sample_smallworld.png, id=131, 886.31125pt x 867.24pt>
File: sample_smallworld.png Graphic file (type png)

<use sample_smallworld.png>
Package pdftex.def Info: sample_smallworld.png used on input line 430.
(pdftex.def)             Requested size: 318.66946pt x 311.80917pt.

Underfull \vbox (badness 5696) has occurred while \output is active []

 [25]
Underfull \vbox (badness 10000) has occurred while \output is active []

 [26 <C:/Users/Ryan/Desktop/Thesis/THES IS IT/sample_smallworld.png>]
<smallworldvaryv_norm.png, id=139, 602.25pt x 340.27126pt>
File: smallworldvaryv_norm.png Graphic file (type png)

<use smallworldvaryv_norm.png>
Package pdftex.def Info: smallworldvaryv_norm.png used on input line 441.
(pdftex.def)             Requested size: 364.19664pt x 205.77907pt.

<smallworldvaryb_norm.png, id=140, 602.25pt x 340.27126pt>
File: smallworldvaryb_norm.png Graphic file (type png)

<use smallworldvaryb_norm.png>
Package pdftex.def Info: smallworldvaryb_norm.png used on input line 447.
(pdftex.def)             Requested size: 364.19664pt x 205.77907pt.

<smallworld_allnorm2.png, id=141, 602.25pt x 340.27126pt>
File: smallworld_allnorm2.png Graphic file (type png)

<use smallworld_allnorm2.png>
Package pdftex.def Info: smallworld_allnorm2.png used on input line 453.
(pdftex.def)             Requested size: 364.19664pt x 205.77907pt.

<smallworld_allabs2.png, id=142, 602.25pt x 340.27126pt>
File: smallworld_allabs2.png Graphic file (type png)

<use smallworld_allabs2.png>
Package pdftex.def Info: smallworld_allabs2.png used on input line 460.
(pdftex.def)             Requested size: 364.19664pt x 205.77907pt.
 [27 <C:/Users/Ryan/Desktop/Thesis/THES IS IT/smallworldvaryv_norm.png>]
Underfull \vbox (badness 1997) has occurred while \output is active []

 [28 <C:/Users/Ryan/Desktop/Thesis/THES IS IT/smallworldvaryb_norm.png>]
Underfull \vbox (badness 1997) has occurred while \output is active []

 [29 <C:/Users/Ryan/Desktop/Thesis/THES IS IT/smallworld_allnorm2.png>]
Underfull \vbox (badness 1997) has occurred while \output is active []

 [30 <C:/Users/Ryan/Desktop/Thesis/THES IS IT/smallworld_allabs2.png>] [31]
Chapter 4.
[32

] [33] [34] <combinedv01.png, id=172, 600.8046pt x 280.8894pt>
File: combinedv01.png Graphic file (type png)

<use combinedv01.png>
Package pdftex.def Info: combinedv01.png used on input line 524.
(pdftex.def)             Requested size: 455.24408pt x 212.84383pt.
 <combinedv001.png, id=173, 602.25pt x 278.9622pt>
File: combinedv001.png Graphic file (type png)

<use combinedv001.png>
Package pdftex.def Info: combinedv001.png used on input line 531.
(pdftex.def)             Requested size: 455.24408pt x 210.87695pt.
 <combinedv0001.png, id=174, 599.3592pt x 284.262pt>
File: combinedv0001.png Graphic file (type png)

<use combinedv0001.png>
Package pdftex.def Info: combinedv0001.png used on input line 538.
(pdftex.def)             Requested size: 455.24408pt x 215.91556pt.

<pop100stochv0001.png, id=175, 455.7025pt x 340.27126pt>
File: pop100stochv0001.png Graphic file (type png)

<use pop100stochv0001.png>
Package pdftex.def Info: pop100stochv0001.png used on input line 545.
(pdftex.def)             Requested size: 364.19664pt x 271.94737pt.
 [35 <C:/Users/Ryan/Desktop/Thesis/THES IS IT/combinedv01.png>]
Underfull \vbox (badness 1960) has occurred while \output is active []

 [36 <C:/Users/Ryan/Desktop/Thesis/THES IS IT/combinedv001.png> <C:/Users/Ryan/
Desktop/Thesis/THES IS IT/combinedv0001.png>]
Underfull \vbox (badness 1394) has occurred while \output is active []

 [37 <C:/Users/Ryan/Desktop/Thesis/THES IS IT/pop100stochv0001.png>] [38]
Chapter 5.

Underfull \vbox (badness 1348) has occurred while \output is active []

 [39

]
Underfull \vbox (badness 10000) has occurred while \output is active []

 [40]
[41] ("C:\Users\Ryan\Desktop\Thesis\THES IS IT\THES_IS_IT.bbl" [42]
Underfull \hbox (badness 1102) in paragraph at lines 14--20
[]\OT1/cmr/m/n/12 Invasive Species Ad-vi-sory Com-mit-tee et al.  In-va-sive sp
ecies def-i-ni-tion clar-i-fi-ca-
 []

[43

] [44]
Missing character: There is no â in font cmr12!
Missing character: There is no € in font cmr12!
Missing character: There is no ˜ in font cmr12!
Missing character: There is no â in font cmr12!
Missing character: There is no € in font cmr12!
Missing character: There is no ™ in font cmr12!
) [45] ("C:\Users\Ryan\Desktop\Thesis\THES IS IT\THES_IS_IT.aux")

LaTeX Warning: There were multiply-defined labels.

 ) 
Here is how much of TeX's memory you used:
 2856 strings out of 493921
 37036 string characters out of 3144879
 99031 words of memory out of 3000000
 6118 multiletter control sequences out of 15000+200000
 11807 words of font info for 42 fonts, out of 3000000 for 9000
 841 hyphenation exceptions out of 8191
 27i,9n,24p,1565b,263s stack positions out of 5000i,500n,10000p,200000b,50000s
<C:/Program Files (x86)/MiKTeX 2.9/fonts/type1/public/amsfonts/cm/cmbx12.pfb>
<C:/Program Files (x86)/MiKTeX 2.9/fonts/type1/public/amsfonts/cm/cmex10.pfb><C
:/Program Files (x86)/MiKTeX 2.9/fonts/type1/public/amsfonts/cm/cmmi12.pfb><C:/
Program Files (x86)/MiKTeX 2.9/fonts/type1/public/amsfonts/cm/cmmi6.pfb><C:/Pro
gram Files (x86)/MiKTeX 2.9/fonts/type1/public/amsfonts/cm/cmmi8.pfb><C:/Progra
m Files (x86)/MiKTeX 2.9/fonts/type1/public/amsfonts/cm/cmr10.pfb><C:/Program F
iles (x86)/MiKTeX 2.9/fonts/type1/public/amsfonts/cm/cmr12.pfb><C:/Program File
s (x86)/MiKTeX 2.9/fonts/type1/public/amsfonts/cm/cmr17.pfb><C:/Program Files (
x86)/MiKTeX 2.9/fonts/type1/public/amsfonts/cm/cmr6.pfb><C:/Program Files (x86)
/MiKTeX 2.9/fonts/type1/public/amsfonts/cm/cmr8.pfb><C:/Program Files (x86)/MiK
TeX 2.9/fonts/type1/public/amsfonts/cm/cmsy10.pfb><C:/Program Files (x86)/MiKTe
X 2.9/fonts/type1/public/amsfonts/cm/cmsy6.pfb><C:/Program Files (x86)/MiKTeX 2
.9/fonts/type1/public/amsfonts/cm/cmsy8.pfb><C:/Program Files (x86)/MiKTeX 2.9/
fonts/type1/public/amsfonts/cm/cmti12.pfb>
Output written on THES_IS_IT.pdf (53 pages, 889429 bytes).
PDF statistics:
 262 PDF objects out of 1000 (max. 8388607)
 0 named destinations out of 1000 (max. 500000)
 81 words of extra memory for PDF output out of 10000 (max. 10000000)

