\BOOKMARK [0][-]{chapter.1}{Introduction}{}% 1
\BOOKMARK [1][-]{section.1.1}{Background on Invasive Species}{chapter.1}% 2
\BOOKMARK [1][-]{section.1.2}{Modeling Background}{chapter.1}% 3
\BOOKMARK [2][-]{subsection.1.2.1}{Thesis Outline}{section.1.2}% 4
\BOOKMARK [0][-]{chapter.2}{Deterministic Modeling}{}% 5
\BOOKMARK [1][-]{section.2.1}{1-Dimensional Model Formulation}{chapter.2}% 6
\BOOKMARK [2][-]{subsection.2.1.1}{Rationale}{section.2.1}% 7
\BOOKMARK [2][-]{subsection.2.1.2}{Model Specification}{section.2.1}% 8
\BOOKMARK [1][-]{section.2.2}{1-Dimensional Stability Analysis}{chapter.2}% 9
\BOOKMARK [2][-]{subsection.2.2.1}{Fixed points}{section.2.2}% 10
\BOOKMARK [2][-]{subsection.2.2.2}{Stability of Fixed Points}{section.2.2}% 11
\BOOKMARK [2][-]{subsection.2.2.3}{Interpretation}{section.2.2}% 12
\BOOKMARK [1][-]{section.2.3}{Model Formulation in Higher Dimensions}{chapter.2}% 13
\BOOKMARK [1][-]{section.2.4}{Analysis of 2-Dimensional System}{chapter.2}% 14
\BOOKMARK [2][-]{subsection.2.4.1}{Stability Analysis}{section.2.4}% 15
\BOOKMARK [1][-]{section.2.5}{Numerical Methods}{chapter.2}% 16
\BOOKMARK [2][-]{subsection.2.5.1}{Discrete Map}{section.2.5}% 17
\BOOKMARK [2][-]{subsection.2.5.2}{ODE Model}{section.2.5}% 18
\BOOKMARK [0][-]{chapter.3}{Small World Networks}{}% 19
\BOOKMARK [1][-]{section.3.1}{Background}{chapter.3}% 20
\BOOKMARK [1][-]{section.3.2}{Small World Methods}{chapter.3}% 21
\BOOKMARK [2][-]{subsection.3.2.1}{Extension to Invasion Model}{section.3.2}% 22
\BOOKMARK [1][-]{section.3.3}{Results}{chapter.3}% 23
\BOOKMARK [0][-]{chapter.4}{Stochastic Modeling}{}% 24
\BOOKMARK [1][-]{section.4.1}{Stochastic Model}{chapter.4}% 25
\BOOKMARK [2][-]{subsection.4.1.1}{Results}{section.4.1}% 26
\BOOKMARK [0][-]{chapter.5}{Conclusions}{}% 27
\BOOKMARK [1][-]{section.5.1}{Summary}{chapter.5}% 28
\BOOKMARK [1][-]{section.5.2}{Future Work}{chapter.5}% 29
\BOOKMARK [2][-]{subsection.5.2.1}{Allee Effect}{section.5.2}% 30
\BOOKMARK [2][-]{subsection.5.2.2}{Networks}{section.5.2}% 31
\BOOKMARK [1][-]{section.5.3}{Acknowledgements}{chapter.5}% 32
